Aug-25 17:07:38.844 [main] DEBUG nextflow.cli.Launcher - $> nextflow run main.nf -process.echo --option 2
Aug-25 17:07:39.018 [main] INFO  nextflow.cli.CmdRun - N E X T F L O W  ~  version 22.04.5
Aug-25 17:07:39.208 [main] DEBUG nextflow.cli.CmdRun - Applied DSL=2 from script declararion
Aug-25 17:07:39.227 [main] INFO  nextflow.cli.CmdRun - Launching `main.nf` [suspicious_bhaskara] DSL2 - revision: 99b799ddfa
Aug-25 17:07:39.258 [main] DEBUG nextflow.plugin.PluginsFacade - Setting up plugin manager > mode=prod; plugins-dir=/Users/hung/.nextflow/plugins; core-plugins: nf-amazon@1.7.2,nf-azure@0.13.2,nf-console@1.0.3,nf-ga4gh@1.0.3,nf-google@1.1.4,nf-sqldb@0.4.0,nf-tower@1.4.0
Aug-25 17:07:39.261 [main] DEBUG nextflow.plugin.PluginsFacade - Plugins default=[]
Aug-25 17:07:39.281 [main] INFO  org.pf4j.DefaultPluginStatusProvider - Enabled plugins: []
Aug-25 17:07:39.282 [main] INFO  org.pf4j.DefaultPluginStatusProvider - Disabled plugins: []
Aug-25 17:07:39.289 [main] INFO  org.pf4j.DefaultPluginManager - PF4J version 3.4.1 in 'deployment' mode
Aug-25 17:07:39.321 [main] INFO  org.pf4j.AbstractPluginManager - No plugins
Aug-25 17:07:39.408 [main] DEBUG nextflow.Session - Session uuid: 159698a3-07ca-45e4-a01b-347ad4e9b04d
Aug-25 17:07:39.409 [main] DEBUG nextflow.Session - Run name: suspicious_bhaskara
Aug-25 17:07:39.415 [main] DEBUG nextflow.Session - Executor pool size: 10
Aug-25 17:07:39.630 [main] DEBUG nextflow.cli.CmdRun - 
  Version: 22.04.5 build 5708
  Created: 15-07-2022 16:09 UTC (16-07-2022 00:09 SGST)
  System: Mac OS X 10.16
  Runtime: Groovy 3.0.10 on OpenJDK 64-Bit Server VM 11.0.9.1+1-LTS
  Encoding: UTF-8 (UTF-8)
  Process: 49711@ase-mac-hung.local [127.0.0.1]
  CPUs: 10 - Mem: 64 GB (3.5 GB) - Swap: 0 (0)
Aug-25 17:07:39.665 [main] DEBUG nextflow.Session - Work-dir: /Users/hung/Data/side-project/shareUtils/manage-pbs/work [Mac OS X]
Aug-25 17:07:39.665 [main] DEBUG nextflow.Session - Script base path does not exist or is not a directory: /Users/hung/Data/side-project/shareUtils/manage-pbs/bin
Aug-25 17:07:39.676 [main] DEBUG nextflow.executor.ExecutorFactory - Extension executors providers=[]
Aug-25 17:07:39.702 [main] DEBUG nextflow.Session - Observer factory: DefaultObserverFactory
Aug-25 17:07:39.738 [main] DEBUG nextflow.cache.CacheFactory - Using Nextflow cache factory: nextflow.cache.DefaultCacheFactory
Aug-25 17:07:39.753 [main] DEBUG nextflow.util.CustomThreadPool - Creating default thread pool > poolSize: 11; maxThreads: 1000
Aug-25 17:07:39.814 [main] DEBUG nextflow.Session - Session start invoked
Aug-25 17:07:41.410 [main] DEBUG nextflow.script.ScriptRunner - > Launching execution
Aug-25 17:07:41.453 [main] INFO  nextflow.script.BaseScript - 
==== ====
this program will submit job to pbs.
add condition statement to the script
==== ====

Aug-25 17:07:41.744 [main] DEBUG nextflow.executor.ExecutorFactory - << taskConfig executor: null
Aug-25 17:07:41.744 [main] DEBUG nextflow.executor.ExecutorFactory - >> processorType: 'local'
Aug-25 17:07:41.757 [main] DEBUG nextflow.executor.Executor - [warm up] executor > local
Aug-25 17:07:41.764 [main] DEBUG n.processor.LocalPollingMonitor - Creating local task monitor for executor 'local' > cpus=10; memory=64 GB; capacity=10; pollInterval=100ms; dumpInterval=5m
Aug-25 17:07:42.084 [main] DEBUG nextflow.Session - Workflow process names [dsl2]: uppercase, base1, multiInput
Aug-25 17:07:42.086 [main] DEBUG nextflow.Session - Ignite dataflow network (3)
Aug-25 17:07:42.091 [main] DEBUG nextflow.processor.TaskProcessor - Starting process > multiInput
Aug-25 17:07:42.095 [main] DEBUG nextflow.script.ScriptRunner - > Await termination 
Aug-25 17:07:42.095 [main] DEBUG nextflow.Session - Session await
Aug-25 17:07:42.817 [Task submitter] DEBUG nextflow.executor.LocalTaskHandler - Launch cmd line: /bin/bash -ue .command.run
Aug-25 17:07:42.843 [Task submitter] INFO  nextflow.Session - [43/4acd13] Submitted process > multiInput (1)
Aug-25 17:07:42.861 [Task submitter] DEBUG nextflow.executor.LocalTaskHandler - Launch cmd line: /bin/bash -ue .command.run
Aug-25 17:07:42.863 [Task submitter] INFO  nextflow.Session - [ca/bb457b] Submitted process > multiInput (2)
Aug-25 17:07:43.005 [Task monitor] DEBUG n.processor.TaskPollingMonitor - Task completed > TaskHandler[id: 1; name: multiInput (1); status: COMPLETED; exit: 0; error: -; workDir: /Users/hung/Data/side-project/shareUtils/manage-pbs/work/43/4acd137ee15f3f9706e13e2ba8f918]
Aug-25 17:07:43.025 [Task monitor] DEBUG n.processor.TaskPollingMonitor - Task completed > TaskHandler[id: 2; name: multiInput (2); status: COMPLETED; exit: 0; error: -; workDir: /Users/hung/Data/side-project/shareUtils/manage-pbs/work/ca/bb457bbb512e0d7557d1cfcad740f6]
Aug-25 17:07:43.040 [main] DEBUG nextflow.Session - Session await > all process finished
Aug-25 17:07:43.109 [main] DEBUG nextflow.Session - Session await > all barriers passed
Aug-25 17:07:43.175 [main] DEBUG nextflow.trace.WorkflowStatsObserver - Workflow completed > WorkflowStats[succeededCount=2; failedCount=0; ignoredCount=0; cachedCount=0; pendingCount=0; submittedCount=0; runningCount=0; retriesCount=0; abortedCount=0; succeedDuration=224ms; failedDuration=0ms; cachedDuration=0ms;loadCpus=0; loadMemory=0; peakRunning=2; peakCpus=2; peakMemory=0; ]
Aug-25 17:07:43.412 [main] DEBUG nextflow.cache.CacheDB - Closing CacheDB done
Aug-25 17:07:43.444 [main] DEBUG nextflow.script.ScriptRunner - > Execution complete -- Goodbye
